<?xml version="1.0" encoding="UTF-8" ?>
<testsuite tests="4" failures="0" name="org.japo.java.libraries.UtilesCalculadoraSumarAbsolutoRunnerTest" time="0.004" errors="0" skipped="0">
  <properties>
[...]
</properties>
  <testcase classname="org.japo.java.libraries.UtilesCalculadoraSumarAbsolutoRunnerTest" name="testSumarAbsoluto[0]" time="0.004"/>
  <testcase classname="org.japo.java.libraries.UtilesCalculadoraSumarAbsolutoRunnerTest" name="testSumarAbsoluto[1]" time="0"/>
  <testcase classname="org.japo.java.libraries.UtilesCalculadoraSumarAbsolutoRunnerTest" name="testSumarAbsoluto[2]" time="0"/>
  <testcase classname="org.japo.java.libraries.UtilesCalculadoraSumarAbsolutoRunnerTest" name="testSumarAbsoluto[3]" time="0"/>
</testsuite>